2026-01-19T03:04:52 | touched: LICENSE
2025-06-02T01:59:47 | touched: hardhat.config.js
2026-01-10T01:22:02 | touched: package.json
2026-01-18T01:49:12 | touched: contracts/Vivifi.sol
2025-03-12T12:15:44 | touched: test/Vivifi.test.js
2025-03-13T01:59:31 | touched: contracts/Vivifi.sol
2026-01-01T17:11:41 | touched: hardhat.config.js
2026-01-22T00:41:07 | touched: hardhat.config.js
2025-05-21T01:33:48 | touched: scripts/deploy.js
2025-05-30T23:15:32 | touched: LICENSE
2025-07-22T10:49:15 | touched: hardhat.config.js
2025-05-10T16:03:25 | touched: test/Vivifi.test.js
2025-05-20T10:31:24 | touched: README.md
2025-02-03T18:41:08 | touched: package.json
2025-10-31T23:51:39 | touched: test/Vivifi.test.js
2025-09-21T15:45:36 | touched: package.json
2025-10-20T19:18:31 | touched: README.md
2025-02-05T15:45:05 | touched: README.md
2025-03-06T23:30:23 | touched: hardhat.config.js
2025-05-29T22:32:14 | touched: README.md
2025-08-21T17:47:40 | touched: README.md
2025-11-26T01:26:29 | touched: contracts/Vivifi.sol
2025-04-03T14:58:27 | touched: package.json
2025-07-26T20:48:58 | touched: .env.example
2025-01-01T18:03:03 | touched: package.json
2025-04-08T23:04:03 | touched: test/Vivifi.test.js
2025-08-04T11:35:02 | touched: .env.example
